0 info it worked if it ends with ok
1 verbose cli [ '/Users/cschmitz/.nvm/versions/node/v6.3.1/bin/node',
1 verbose cli   '/Users/cschmitz/.nvm/versions/node/v6.3.1/bin/npm',
1 verbose cli   'run',
1 verbose cli   'serve:db' ]
2 info using npm@4.0.2
3 info using node@v6.3.1
4 verbose run-script [ 'preserve:db', 'serve:db', 'postserve:db' ]
5 info lifecycle node-server@1.0.0~preserve:db: node-server@1.0.0
6 silly lifecycle node-server@1.0.0~preserve:db: no script for preserve:db, continuing
7 info lifecycle node-server@1.0.0~serve:db: node-server@1.0.0
8 verbose lifecycle node-server@1.0.0~serve:db: unsafe-perm in lifecycle true
9 verbose lifecycle node-server@1.0.0~serve:db: PATH: /Users/cschmitz/.nvm/versions/node/v6.3.1/lib/node_modules/npm/bin/node-gyp-bin:/Users/cschmitz/Development/CS/Demos/_For Presentations/StackExploration/node-server/node_modules/.bin:/Users/cschmitz/.nvm/versions/node/v6.3.1/bin:/usr/local/bin:/usr/bin:/bin:/usr/sbin:/sbin
10 verbose lifecycle node-server@1.0.0~serve:db: CWD: /Users/cschmitz/Development/CS/Demos/_For Presentations/StackExploration/node-server
11 silly lifecycle node-server@1.0.0~serve:db: Args: [ '-c', 'mongod --config mongodb.conf' ]
12 silly lifecycle node-server@1.0.0~serve:db: Returned: code: 100  signal: null
13 info lifecycle node-server@1.0.0~serve:db: Failed to exec serve:db script
14 verbose stack Error: node-server@1.0.0 serve:db: `mongod --config mongodb.conf`
14 verbose stack Exit status 100
14 verbose stack     at EventEmitter.<anonymous> (/Users/cschmitz/.nvm/versions/node/v6.3.1/lib/node_modules/npm/lib/utils/lifecycle.js:279:16)
14 verbose stack     at emitTwo (events.js:106:13)
14 verbose stack     at EventEmitter.emit (events.js:191:7)
14 verbose stack     at ChildProcess.<anonymous> (/Users/cschmitz/.nvm/versions/node/v6.3.1/lib/node_modules/npm/lib/utils/spawn.js:40:14)
14 verbose stack     at emitTwo (events.js:106:13)
14 verbose stack     at ChildProcess.emit (events.js:191:7)
14 verbose stack     at maybeClose (internal/child_process.js:852:16)
14 verbose stack     at Process.ChildProcess._handle.onexit (internal/child_process.js:215:5)
15 verbose pkgid node-server@1.0.0
16 verbose cwd /Users/cschmitz/Development/CS/Demos/_For Presentations/StackExploration/node-server
17 error Darwin 16.3.0
18 error argv "/Users/cschmitz/.nvm/versions/node/v6.3.1/bin/node" "/Users/cschmitz/.nvm/versions/node/v6.3.1/bin/npm" "run" "serve:db"
19 error node v6.3.1
20 error npm  v4.0.2
21 error code ELIFECYCLE
22 error node-server@1.0.0 serve:db: `mongod --config mongodb.conf`
22 error Exit status 100
23 error Failed at the node-server@1.0.0 serve:db script 'mongod --config mongodb.conf'.
23 error Make sure you have the latest version of node.js and npm installed.
23 error If you do, this is most likely a problem with the node-server package,
23 error not with npm itself.
23 error Tell the author that this fails on your system:
23 error     mongod --config mongodb.conf
23 error You can get information on how to open an issue for this project with:
23 error     npm bugs node-server
23 error Or if that isn't available, you can get their info via:
23 error     npm owner ls node-server
23 error There is likely additional logging output above.
24 verbose exit [ 1, true ]
